\BOOKMARK [1][-]{section.2}{\376\377\0002\000\040\000A\000n\000a\000l\000\375\000z\000a\000\040\000f\000r\000a\000m\000e\000w\000o\000r\000k\001\157}{}% 3
\BOOKMARK [2][-]{subsection.2.1}{\376\377\0002\000.\0001\000\040\000R\000e\000a\000c\000t}{section.2}% 4
\BOOKMARK [3][-]{subsubsection.2.1.1}{\376\377\0002\000.\0001\000.\0001\000\040\000K\000o\000m\000p\000o\000n\000e\000n\000t\000y}{subsection.2.1}% 5
\BOOKMARK [3][-]{subsubsection.2.1.2}{\376\377\0002\000.\0001\000.\0002\000\040\000J\000S\000X}{subsection.2.1}% 6
\BOOKMARK [3][-]{subsubsection.2.1.3}{\376\377\0002\000.\0001\000.\0003\000\040\000S\000p\000r\000\341\000v\000a\000\040\000s\000t\000a\000v\001\157}{subsection.2.1}% 7
\BOOKMARK [3][-]{subsubsection.2.1.4}{\376\377\0002\000.\0001\000.\0004\000\040\000H\000o\000o\000k\000y}{subsection.2.1}% 8
\BOOKMARK [3][-]{subsubsection.2.1.5}{\376\377\0002\000.\0001\000.\0005\000\040\001\175\000i\000v\000o\000t\000n\000\355\000\040\000c\000y\000k\000l\000u\000s}{subsection.2.1}% 9
\BOOKMARK [3][-]{subsubsection.2.1.6}{\376\377\0002\000.\0001\000.\0006\000\040\000S\000t\000a\000t\000e\000\040\000m\000a\000n\000a\000g\000e\000m\000e\000n\000t}{subsection.2.1}% 10
\BOOKMARK [3][-]{subsubsection.2.1.7}{\376\377\0002\000.\0001\000.\0007\000\040\000R\000o\000u\000t\000o\000v\000\341\000n\000\355}{subsection.2.1}% 11
\BOOKMARK [3][-]{subsubsection.2.1.8}{\376\377\0002\000.\0001\000.\0008\000\040\000E\000k\000o\000s\000y\000s\000t\000\351\000m}{subsection.2.1}% 12
\BOOKMARK [2][-]{subsection.2.2}{\376\377\0002\000.\0002\000\040\000S\000v\000e\000l\000t\000e}{section.2}% 13
\BOOKMARK [3][-]{subsubsection.2.2.1}{\376\377\0002\000.\0002\000.\0001\000\040\000K\000o\000m\000p\000o\000n\000e\000n\000t\000y}{subsection.2.2}% 14
\BOOKMARK [3][-]{subsubsection.2.2.2}{\376\377\0002\000.\0002\000.\0002\000\040\000R\000e\000a\000k\000t\000i\000v\000i\000t\000a}{subsection.2.2}% 15
\BOOKMARK [3][-]{subsubsection.2.2.3}{\376\377\0002\000.\0002\000.\0003\000\040\000P\001\131\000e\000d\000\341\000v\000\341\000n\000\355\000\040\000v\000l\000a\000s\000t\000n\000o\000s\000t\000\355}{subsection.2.2}% 16
\BOOKMARK [3][-]{subsubsection.2.2.4}{\376\377\0002\000.\0002\000.\0004\000\040\000E\000v\000e\000n\000t\000y}{subsection.2.2}% 17
\BOOKMARK [3][-]{subsubsection.2.2.5}{\376\377\0002\000.\0002\000.\0005\000\040\001\175\000i\000v\000o\000t\000n\000\355\000\040\000c\000y\000k\000l\000u\000s}{subsection.2.2}% 18
\BOOKMARK [3][-]{subsubsection.2.2.6}{\376\377\0002\000.\0002\000.\0006\000\040\000S\000t\000a\000t\000e\000\040\000m\000a\000n\000a\000g\000e\000m\000e\000n\000t}{subsection.2.2}% 19
\BOOKMARK [3][-]{subsubsection.2.2.7}{\376\377\0002\000.\0002\000.\0007\000\040\000R\000o\000u\000t\000o\000v\000\341\000n\000\355}{subsection.2.2}% 20
\BOOKMARK [3][-]{subsubsection.2.2.8}{\376\377\0002\000.\0002\000.\0008\000\040\000E\000k\000o\000s\000y\000s\000t\000\351\000m}{subsection.2.2}% 21
\BOOKMARK [2][-]{subsection.2.3}{\376\377\0002\000.\0003\000\040\000V\000u\000e}{section.2}% 22
\BOOKMARK [3][-]{subsubsection.2.3.1}{\376\377\0002\000.\0003\000.\0001\000\040\000S\000i\000n\000g\000l\000e\000-\000F\000i\000l\000e\000\040\000C\000o\000m\000p\000o\000n\000e\000n\000t\000s}{subsection.2.3}% 23
\BOOKMARK [3][-]{subsubsection.2.3.2}{\376\377\0002\000.\0003\000.\0002\000\040\000R\000e\000a\000k\000t\000i\000v\000i\000t\000a}{subsection.2.3}% 24
\BOOKMARK [3][-]{subsubsection.2.3.3}{\376\377\0002\000.\0003\000.\0003\000\040\000P\001\131\000e\000d\000\341\000v\000\341\000n\000\355\000\040\000v\000l\000a\000s\000t\000n\000o\000s\000t\000\355}{subsection.2.3}% 25
\BOOKMARK [3][-]{subsubsection.2.3.4}{\376\377\0002\000.\0003\000.\0004\000\040\000D\000i\000r\000e\000k\000t\000i\000v\000y\000\040\000a\000\040\000e\000v\000e\000n\000t\000y}{subsection.2.3}% 26
\BOOKMARK [3][-]{subsubsection.2.3.5}{\376\377\0002\000.\0003\000.\0005\000\040\001\175\000i\000v\000o\000t\000n\000\355\000\040\000c\000y\000k\000l\000u\000s}{subsection.2.3}% 27
\BOOKMARK [3][-]{subsubsection.2.3.6}{\376\377\0002\000.\0003\000.\0006\000\040\000S\000t\000a\000t\000e\000\040\000m\000a\000n\000a\000g\000e\000m\000e\000n\000t}{subsection.2.3}% 28
\BOOKMARK [3][-]{subsubsection.2.3.7}{\376\377\0002\000.\0003\000.\0007\000\040\000R\000o\000u\000t\000o\000v\000\341\000n\000\355}{subsection.2.3}% 29
\BOOKMARK [3][-]{subsubsection.2.3.8}{\376\377\0002\000.\0003\000.\0008\000\040\000E\000k\000o\000s\000y\000s\000t\000\351\000m}{subsection.2.3}% 30
\BOOKMARK [2][-]{subsection.2.4}{\376\377\0002\000.\0004\000\040\000P\000o\000r\000o\000v\000n\000\341\000n\000\355}{section.2}% 31
\BOOKMARK [1][-]{section*.2}{\376\377\000S\000e\000z\000n\000a\000m\000\040\000o\000b\000r\000\341\000z\000k\001\157}{}% 46
\BOOKMARK [1][-]{section*.3}{\376\377\000S\000e\000z\000n\000a\000m\000\040\000t\000a\000b\000u\000l\000e\000k}{}% 47
\BOOKMARK [1][-]{section*.3}{\376\377\000P\001\131\000\355\000l\000o\000h\000y\000\040}{}% 49
